--- STDOUT ---
============================= test session starts =============================
platform win32 -- Python 3.14.3, pytest-9.0.2, pluggy-1.6.0
rootdir: C:\Users\nilad\OneDrive\Desktop\Moira
configfile: pyproject.toml
plugins: hypothesis-6.151.9
collected 10 items

tests\unit\test_julian_delta_t.py ..........                             [100%]
============================ Moira: slowest tests =============================

    0.000s  tests/unit/test_julian_delta_t.py::test_datetime_from_jd_raises_helpful_error_for_bce
    0.000s  tests/unit/test_julian_delta_t.py::test_safe_datetime_from_jd_returns_none_for_bce
    0.000s  tests/unit/test_julian_delta_t.py::test_delta_t_uses_historical_anchor_table_before_1955
    0.000s  tests/unit/test_julian_delta_t.py::test_decimal_year_uses_mid_month_convention
    0.000s  tests/unit/test_julian_delta_t.py::test_delta_t_interpolates_historical_anchor_table
============================= 10 passed in 0.61s ==============================

--- STDERR ---
